build/app/intermediates/manifest_merge_blame_file/debug/manifest-merger-blame-debug-report.txt
1<?xml version="1.0" encoding="utf-8"?>
2<manifest xmlns:android="http://schemas.android.com/apk/res/android"
3    package="com.example.dummy"
4    android:versionCode="1"
5    android:versionName="1.0.0" >
6
7    <uses-sdk
8        android:minSdkVersion="20"
9        android:targetSdkVersion="33" />
10    <!--
11         The INTERNET permission is required for development. Specifically,
12         the Flutter tool needs it to communicate with the running application
13         to allow setting breakpoints, to provide hot reload, etc.
14    -->
15    <uses-permission android:name="android.permission.INTERNET" />
15-->src\debug\AndroidManifest.xml:7:5-66
15-->src\debug\AndroidManifest.xml:7:22-64
16    <uses-permission android:name="android.permission.ACCESS_COARSE_LOCATION" />
16-->[:location] AndroidManifest.xml:9:5-81
16-->[:location] AndroidManifest.xml:9:22-78
17    <uses-permission android:name="android.permission.ACCESS_FINE_LOCATION" />
17-->[:location] AndroidManifest.xml:10:5-79
17-->[:location] AndroidManifest.xml:10:22-76
18    <uses-permission android:name="android.permission.ACCESS_WIFI_STATE" /> <!-- Include required permissions for Google Maps API to run. -->
18-->[com.google.android.libraries.places:places:2.5.0] AndroidManifest.xml:10:5-76
18-->[com.google.android.libraries.places:places:2.5.0] AndroidManifest.xml:10:22-73
19    <uses-permission android:name="android.permission.ACCESS_NETWORK_STATE" />
19-->[com.google.android.gms:play-services-maps:18.1.0] AndroidManifest.xml:23:5-79
19-->[com.google.android.gms:play-services-maps:18.1.0] AndroidManifest.xml:23:22-76
20
21    <uses-feature
21-->[com.google.android.gms:play-services-maps:18.1.0] AndroidManifest.xml:26:5-28:35
22        android:glEsVersion="0x00020000"
22-->[com.google.android.gms:play-services-maps:18.1.0] AndroidManifest.xml:27:9-41
23        android:required="true" />
23-->[com.google.android.gms:play-services-maps:18.1.0] AndroidManifest.xml:28:9-32
24
25    <queries>
25-->[com.google.android.gms:play-services-maps:18.1.0] AndroidManifest.xml:30:5-34:15
26
27        <!-- Needs to be explicitly declared on Android R+ -->
28        <package android:name="com.google.android.apps.maps" />
28-->[com.google.android.gms:play-services-maps:18.1.0] AndroidManifest.xml:33:9-64
28-->[com.google.android.gms:play-services-maps:18.1.0] AndroidManifest.xml:33:18-61
29    </queries>
30
31    <application
32        android:name="android.app.Application"
33        android:appComponentFactory="androidx.core.app.CoreComponentFactory"
33-->[androidx.core:core:1.6.0] AndroidManifest.xml:24:18-86
34        android:debuggable="true"
35        android:icon="@mipmap/ic_launcher"
36        android:label="dummy" >
37        <activity
38            android:name="com.example.dummy.MainActivity"
39            android:configChanges="orientation|keyboardHidden|keyboard|screenSize|smallestScreenSize|locale|layoutDirection|fontScale|screenLayout|density|uiMode"
40            android:exported="true"
41            android:hardwareAccelerated="true"
42            android:launchMode="singleTop"
43            android:theme="@style/LaunchTheme"
44            android:windowSoftInputMode="adjustResize" >
45
46            <!--
47                 Specifies an Android theme to apply to this Activity as soon as
48                 the Android process has started. This theme is visible to the user
49                 while the Flutter UI initializes. After that, this theme continues
50                 to determine the Window background behind the Flutter UI.
51            -->
52            <meta-data
53                android:name="io.flutter.embedding.android.NormalTheme"
54                android:resource="@style/NormalTheme" />
55
56            <intent-filter>
57                <action android:name="android.intent.action.MAIN" />
58
59                <category android:name="android.intent.category.LAUNCHER" />
60            </intent-filter>
61        </activity>
62        <!--
63             Don't delete the meta-data below.
64             This is used by the Flutter tool to generate GeneratedPluginRegistrant.java
65        -->
66        <meta-data
67            android:name="flutterEmbedding"
68            android:value="2" />
69        <meta-data
70            android:name="com.google.android.geo.API_KEY"
71            android:value="AIzaSyC7bvDC-YbKrrd1Xmwjjd_XIu0SPwkpYrU" />
72
73        <service
73-->[:location] AndroidManifest.xml:13:9-17:56
74            android:name="com.lyokone.location.FlutterLocationService"
74-->[:location] AndroidManifest.xml:14:13-71
75            android:enabled="true"
75-->[:location] AndroidManifest.xml:15:13-35
76            android:exported="false"
76-->[:location] AndroidManifest.xml:16:13-37
77            android:foregroundServiceType="location" />
77-->[:location] AndroidManifest.xml:17:13-53
78
79        <uses-library
79-->[androidx.window:window:1.0.0-beta04] AndroidManifest.xml:25:9-27:40
80            android:name="androidx.window.extensions"
80-->[androidx.window:window:1.0.0-beta04] AndroidManifest.xml:26:13-54
81            android:required="false" />
81-->[androidx.window:window:1.0.0-beta04] AndroidManifest.xml:27:13-37
82        <uses-library
82-->[androidx.window:window:1.0.0-beta04] AndroidManifest.xml:28:9-30:40
83            android:name="androidx.window.sidecar"
83-->[androidx.window:window:1.0.0-beta04] AndroidManifest.xml:29:13-51
84            android:required="false" />
84-->[androidx.window:window:1.0.0-beta04] AndroidManifest.xml:30:13-37
85
86        <activity
86-->[com.google.android.libraries.places:places:2.5.0] AndroidManifest.xml:14:9-20:20
87            android:name="com.google.android.libraries.places.widget.AutocompleteActivity"
87-->[com.google.android.libraries.places:places:2.5.0] AndroidManifest.xml:15:13-91
88            android:exported="false"
88-->[com.google.android.libraries.places:places:2.5.0] AndroidManifest.xml:16:13-37
89            android:label="@string/places_autocomplete_label"
89-->[com.google.android.libraries.places:places:2.5.0] AndroidManifest.xml:17:13-62
90            android:theme="@style/PlacesAutocompleteOverlay"
90-->[com.google.android.libraries.places:places:2.5.0] AndroidManifest.xml:18:13-61
91            android:windowSoftInputMode="adjustResize" >
91-->[com.google.android.libraries.places:places:2.5.0] AndroidManifest.xml:19:13-55
92        </activity> <!-- Needs to be explicitly declared on P+ -->
93        <uses-library
93-->[com.google.android.gms:play-services-maps:18.1.0] AndroidManifest.xml:39:9-41:40
94            android:name="org.apache.http.legacy"
94-->[com.google.android.gms:play-services-maps:18.1.0] AndroidManifest.xml:40:13-50
95            android:required="false" />
95-->[com.google.android.gms:play-services-maps:18.1.0] AndroidManifest.xml:41:13-37
96
97        <activity
97-->[com.google.android.gms:play-services-base:18.0.1] AndroidManifest.xml:20:9-22:45
98            android:name="com.google.android.gms.common.api.GoogleApiActivity"
98-->[com.google.android.gms:play-services-base:18.0.1] AndroidManifest.xml:20:19-85
99            android:exported="false"
99-->[com.google.android.gms:play-services-base:18.0.1] AndroidManifest.xml:22:19-43
100            android:theme="@android:style/Theme.Translucent.NoTitleBar" />
100-->[com.google.android.gms:play-services-base:18.0.1] AndroidManifest.xml:21:19-78
101
102        <meta-data
102-->[com.google.android.gms:play-services-basement:18.0.0] AndroidManifest.xml:21:9-23:69
103            android:name="com.google.android.gms.version"
103-->[com.google.android.gms:play-services-basement:18.0.0] AndroidManifest.xml:22:13-58
104            android:value="@integer/google_play_services_version" />
104-->[com.google.android.gms:play-services-basement:18.0.0] AndroidManifest.xml:23:13-66
105
106        <service
106-->[com.google.android.datatransport:transport-backend-cct:2.3.0] AndroidManifest.xml:29:9-35:19
107            android:name="com.google.android.datatransport.runtime.backends.TransportBackendDiscovery"
107-->[com.google.android.datatransport:transport-backend-cct:2.3.0] AndroidManifest.xml:30:13-103
108            android:exported="false" >
108-->[com.google.android.datatransport:transport-backend-cct:2.3.0] AndroidManifest.xml:31:13-37
109            <meta-data
109-->[com.google.android.datatransport:transport-backend-cct:2.3.0] AndroidManifest.xml:32:13-34:39
110                android:name="backend:com.google.android.datatransport.cct.CctBackendFactory"
110-->[com.google.android.datatransport:transport-backend-cct:2.3.0] AndroidManifest.xml:33:17-94
111                android:value="cct" />
111-->[com.google.android.datatransport:transport-backend-cct:2.3.0] AndroidManifest.xml:34:17-36
112        </service>
113        <service
113-->[com.google.android.datatransport:transport-runtime:2.2.3] AndroidManifest.xml:26:9-30:19
114            android:name="com.google.android.datatransport.runtime.scheduling.jobscheduling.JobInfoSchedulerService"
114-->[com.google.android.datatransport:transport-runtime:2.2.3] AndroidManifest.xml:27:13-117
115            android:exported="false"
115-->[com.google.android.datatransport:transport-runtime:2.2.3] AndroidManifest.xml:28:13-37
116            android:permission="android.permission.BIND_JOB_SERVICE" >
116-->[com.google.android.datatransport:transport-runtime:2.2.3] AndroidManifest.xml:29:13-69
117        </service>
118
119        <receiver
119-->[com.google.android.datatransport:transport-runtime:2.2.3] AndroidManifest.xml:32:9-34:40
120            android:name="com.google.android.datatransport.runtime.scheduling.jobscheduling.AlarmManagerSchedulerBroadcastReceiver"
120-->[com.google.android.datatransport:transport-runtime:2.2.3] AndroidManifest.xml:33:13-132
121            android:exported="false" />
121-->[com.google.android.datatransport:transport-runtime:2.2.3] AndroidManifest.xml:34:13-37
122    </application>
123
124</manifest>